<?xml version="1.0" encoding="UTF-8"?>
<!-- Generated by org.testng.reporters.JUnitXMLReporter -->
<testsuite ignored="0" hostname="LENOVO" failures="0" tests="3" name="Default test" time="23.859" errors="0" timestamp="2023-06-19T09:08:40 IST">
  <testcase classname="com.demowebshop.testscript.LoginTest" name="verifyInvalidLoginErrorMessage" time="1.525"/>
  <testcase classname="com.demowebshop.testscript.LoginTest" name="verifyInvalidLoginErrorMessage" time="1.508"/>
  <testcase classname="com.demowebshop.testscript.LoginTest" name="verifyInvalidLoginErrorMessage" time="1.426"/>
</testsuite> <!-- Default test -->
