<?xml version="1.0" encoding="UTF-8"?>
<!-- Generated by org.testng.reporters.JUnitXMLReporter -->
<testsuite ignored="1" hostname="LENOVO" failures="0" tests="4" name="Functional Test" time="48.725" errors="0" timestamp="2023-06-22T07:09:00 IST">
  <testcase classname="com.demowebshop.testscript.HomeTest" name="TC_001_verifySubscibeEmailMessage" time="20.877"/>
  <testcase classname="com.demowebshop.testscript.LoginTest" name="TC_002_verifyInvalidLoginErrorMessage" time="2.508"/>
  <testcase classname="com.demowebshop.testscript.LoginTest" name="TC_002_verifyInvalidLoginErrorMessage" time="1.75"/>
  <testcase classname="com.demowebshop.testscript.LoginTest" name="TC_002_verifyInvalidLoginErrorMessage" time="1.343"/>
  <testcase classname="com.demowebshop.automationcore.Base" name="@BeforeSuite setExtent" time="0.0">
    <ignored/>
  </testcase> <!-- @BeforeSuite setExtent -->
</testsuite> <!-- Functional Test -->
