<?xml version="1.0" encoding="UTF-8"?>
<!-- Generated by org.testng.reporters.JUnitXMLReporter -->
<testsuite ignored="0" hostname="LENOVO" failures="0" tests="4" name="Parameter Testing-grouping" time="54.692" errors="0" timestamp="2023-06-23T07:20:15 IST">
  <testcase classname="com.demowebshop.testscript.HomeTest" name="TC_001_verifySubscibeEmailMessage" time="21.688"/>
  <testcase classname="com.demowebshop.testscript.LoginTest" name="TC_002_verifyInvalidLoginErrorMessage" time="2.213"/>
  <testcase classname="com.demowebshop.testscript.LoginTest" name="TC_002_verifyInvalidLoginErrorMessage" time="2.689"/>
  <testcase classname="com.demowebshop.testscript.LoginTest" name="TC_002_verifyInvalidLoginErrorMessage" time="2.765"/>
</testsuite> <!-- Parameter Testing-grouping -->
