<?xml version="1.0" encoding="UTF-8"?>
<!-- Generated by org.testng.reporters.JUnitXMLReporter -->
<testsuite ignored="0" hostname="LENOVO" failures="0" tests="3" name="FireFox Test" time="31.894" errors="0" timestamp="2023-06-22T07:57:26 IST">
  <testcase classname="com.demowebshop.testscript.LoginTest" name="TC_002_verifyInvalidLoginErrorMessage" time="1.516"/>
  <testcase classname="com.demowebshop.testscript.LoginTest" name="TC_002_verifyInvalidLoginErrorMessage" time="1.559"/>
  <testcase classname="com.demowebshop.testscript.LoginTest" name="TC_002_verifyInvalidLoginErrorMessage" time="1.395"/>
</testsuite> <!-- FireFox Test -->
