<?xml version="1.0" encoding="UTF-8"?>
<testng-results ignored="0" total="1" passed="1" failed="0" skipped="0">
  <reporter-output>
  </reporter-output>
  <suite started-at="2023-06-23T07:35:13 IST" name="Suite" finished-at="2023-06-23T07:35:41 IST" duration-ms="28764">
    <groups>
      <group name="Regression">
        <method signature="HomeTest.TC_001_verifySubscibeEmailMessage()[pri:1, instance:com.demowebshop.testscript.HomeTest@55b53d44]" name="TC_001_verifySubscibeEmailMessage" class="com.demowebshop.testscript.HomeTest"/>
      </group> <!-- Regression -->
    </groups>
    <test started-at="2023-06-23T07:35:13 IST" name="Chrome Test" finished-at="2023-06-23T07:35:41 IST" duration-ms="28764">
      <class name="com.demowebshop.testscript.HomeTest">
        <test-method is-config="true" signature="setExtent(org.testng.ITestContext)[pri:0, instance:com.demowebshop.testscript.HomeTest@55b53d44]" started-at="2023-06-23T07:35:13 IST" name="setExtent" finished-at="2023-06-23T07:35:13 IST" duration-ms="17" status="PASS">
          <params>
            <param index="0">
              <value>
                <![CDATA[org.testng.TestRunner@30c3ae63]]>
              </value>
            </param>
          </params>
          <reporter-output>
          </reporter-output>
        </test-method> <!-- setExtent -->
        <test-method is-config="true" signature="setUP(java.lang.String)[pri:0, instance:com.demowebshop.testscript.HomeTest@55b53d44]" started-at="2023-06-23T07:35:13 IST" name="setUP" finished-at="2023-06-23T07:35:19 IST" duration-ms="6423" status="PASS">
          <params>
            <param index="0">
              <value>
                <![CDATA[chrome]]>
              </value>
            </param>
          </params>
          <reporter-output>
          </reporter-output>
        </test-method> <!-- setUP -->
        <test-method signature="TC_001_verifySubscibeEmailMessage()[pri:1, instance:com.demowebshop.testscript.HomeTest@55b53d44]" started-at="2023-06-23T07:35:19 IST" name="TC_001_verifySubscibeEmailMessage" description="TC_001_verify Subscibe Email Message" finished-at="2023-06-23T07:35:41 IST" duration-ms="21882" status="PASS">
          <reporter-output>
          </reporter-output>
        </test-method> <!-- TC_001_verifySubscibeEmailMessage -->
        <test-method is-config="true" signature="tearDown(org.testng.ITestResult)[pri:0, instance:com.demowebshop.testscript.HomeTest@55b53d44]" started-at="2023-06-23T07:35:41 IST" name="tearDown" finished-at="2023-06-23T07:35:41 IST" duration-ms="426" status="PASS">
          <params>
            <param index="0">
              <value>
                <![CDATA[[TestResult name=TC_001_verifySubscibeEmailMessage status=SUCCESS method=HomeTest.TC_001_verifySubscibeEmailMessage()[pri:1, instance:com.demowebshop.testscript.HomeTest@55b53d44] output={null}]]]>
              </value>
            </param>
          </params>
          <reporter-output>
          </reporter-output>
        </test-method> <!-- tearDown -->
      </class> <!-- com.demowebshop.testscript.HomeTest -->
    </test> <!-- Chrome Test -->
  </suite> <!-- Suite -->
</testng-results>
