<?xml version="1.0" encoding="UTF-8"?>
<testng-results ignored="0" total="4" passed="4" failed="0" skipped="0">
  <reporter-output>
  </reporter-output>
  <suite started-at="2023-06-23T07:19:20 IST" name="Suite" finished-at="2023-06-23T07:20:14 IST" duration-ms="54692">
    <groups>
      <group name="Regression">
        <method signature="HomeTest.TC_001_verifySubscibeEmailMessage()[pri:1, instance:com.demowebshop.testscript.HomeTest@52815fa3]" name="TC_001_verifySubscibeEmailMessage" class="com.demowebshop.testscript.HomeTest"/>
      </group> <!-- Regression -->
      <group name="Smoke">
        <method signature="LoginTest.TC_002_verifyInvalidLoginErrorMessage(java.lang.String,java.lang.String)[pri:1, instance:com.demowebshop.testscript.LoginTest@79c97cb]" name="TC_002_verifyInvalidLoginErrorMessage" class="com.demowebshop.testscript.LoginTest"/>
      </group> <!-- Smoke -->
    </groups>
    <test started-at="2023-06-23T07:19:20 IST" name="Parameter Testing-grouping" finished-at="2023-06-23T07:20:14 IST" duration-ms="54692">
      <class name="com.demowebshop.testscript.HomeTest">
        <test-method is-config="true" signature="setUP(java.lang.String)[pri:0, instance:com.demowebshop.testscript.HomeTest@52815fa3]" started-at="2023-06-23T07:19:20 IST" name="setUP" finished-at="2023-06-23T07:19:28 IST" duration-ms="7917" status="PASS">
          <params>
            <param index="0">
              <value>
                <![CDATA[chrome]]>
              </value>
            </param>
          </params>
          <reporter-output>
          </reporter-output>
        </test-method> <!-- setUP -->
        <test-method signature="TC_001_verifySubscibeEmailMessage()[pri:1, instance:com.demowebshop.testscript.HomeTest@52815fa3]" started-at="2023-06-23T07:19:28 IST" name="TC_001_verifySubscibeEmailMessage" description="TC_001_verify Subscibe Email Message" finished-at="2023-06-23T07:19:49 IST" duration-ms="21688" status="PASS">
          <reporter-output>
          </reporter-output>
        </test-method> <!-- TC_001_verifySubscibeEmailMessage -->
        <test-method is-config="true" signature="tearDown(org.testng.ITestResult)[pri:0, instance:com.demowebshop.testscript.HomeTest@52815fa3]" started-at="2023-06-23T07:19:49 IST" name="tearDown" finished-at="2023-06-23T07:19:50 IST" duration-ms="376" status="PASS">
          <params>
            <param index="0">
              <value>
                <![CDATA[[TestResult name=TC_001_verifySubscibeEmailMessage status=SUCCESS method=HomeTest.TC_001_verifySubscibeEmailMessage()[pri:1, instance:com.demowebshop.testscript.HomeTest@52815fa3] output={null}]]]>
              </value>
            </param>
          </params>
          <reporter-output>
          </reporter-output>
        </test-method> <!-- tearDown -->
      </class> <!-- com.demowebshop.testscript.HomeTest -->
      <class name="com.demowebshop.testscript.LoginTest">
        <test-method is-config="true" signature="setUP(java.lang.String)[pri:0, instance:com.demowebshop.testscript.LoginTest@79c97cb]" started-at="2023-06-23T07:19:50 IST" name="setUP" finished-at="2023-06-23T07:19:55 IST" duration-ms="5604" status="PASS">
          <params>
            <param index="0">
              <value>
                <![CDATA[chrome]]>
              </value>
            </param>
          </params>
          <reporter-output>
          </reporter-output>
        </test-method> <!-- setUP -->
        <test-method signature="TC_002_verifyInvalidLoginErrorMessage(java.lang.String,java.lang.String)[pri:1, instance:com.demowebshop.testscript.LoginTest@79c97cb]" started-at="2023-06-23T07:19:55 IST" name="TC_002_verifyInvalidLoginErrorMessage" description="TC_002_verifyInvalidLoginErrorMessage" data-provider="InvalidUserCredential" finished-at="2023-06-23T07:19:58 IST" duration-ms="2213" status="PASS">
          <params>
            <param index="0">
              <value>
                <![CDATA[ruby123@yopmail.com]]>
              </value>
            </param>
            <param index="1">
              <value>
                <![CDATA[ruby12]]>
              </value>
            </param>
          </params>
          <reporter-output>
          </reporter-output>
        </test-method> <!-- TC_002_verifyInvalidLoginErrorMessage -->
        <test-method is-config="true" signature="tearDown(org.testng.ITestResult)[pri:0, instance:com.demowebshop.testscript.LoginTest@79c97cb]" started-at="2023-06-23T07:19:58 IST" name="tearDown" finished-at="2023-06-23T07:19:58 IST" duration-ms="367" status="PASS">
          <params>
            <param index="0">
              <value>
                <![CDATA[[TestResult name=TC_002_verifyInvalidLoginErrorMessage status=SUCCESS method=LoginTest.TC_002_verifyInvalidLoginErrorMessage(java.lang.String,java.lang.String)[pri:1, instance:com.demowebshop.testscript.LoginTest@79c97cb] output={null}]]]>
              </value>
            </param>
          </params>
          <reporter-output>
          </reporter-output>
        </test-method> <!-- tearDown -->
        <test-method is-config="true" signature="setUP(java.lang.String)[pri:0, instance:com.demowebshop.testscript.LoginTest@79c97cb]" started-at="2023-06-23T07:19:58 IST" name="setUP" finished-at="2023-06-23T07:20:03 IST" duration-ms="5241" status="PASS">
          <params>
            <param index="0">
              <value>
                <![CDATA[chrome]]>
              </value>
            </param>
          </params>
          <reporter-output>
          </reporter-output>
        </test-method> <!-- setUP -->
        <test-method signature="TC_002_verifyInvalidLoginErrorMessage(java.lang.String,java.lang.String)[pri:1, instance:com.demowebshop.testscript.LoginTest@79c97cb]" started-at="2023-06-23T07:20:03 IST" name="TC_002_verifyInvalidLoginErrorMessage" description="TC_002_verifyInvalidLoginErrorMessage" data-provider="InvalidUserCredential" finished-at="2023-06-23T07:20:06 IST" duration-ms="2689" status="PASS">
          <params>
            <param index="0">
              <value>
                <![CDATA[ruby@yopmail.com]]>
              </value>
            </param>
            <param index="1">
              <value>
                <![CDATA[ruby123]]>
              </value>
            </param>
          </params>
          <reporter-output>
          </reporter-output>
        </test-method> <!-- TC_002_verifyInvalidLoginErrorMessage -->
        <test-method is-config="true" signature="tearDown(org.testng.ITestResult)[pri:0, instance:com.demowebshop.testscript.LoginTest@79c97cb]" started-at="2023-06-23T07:20:06 IST" name="tearDown" finished-at="2023-06-23T07:20:06 IST" duration-ms="279" status="PASS">
          <params>
            <param index="0">
              <value>
                <![CDATA[[TestResult name=TC_002_verifyInvalidLoginErrorMessage status=SUCCESS method=LoginTest.TC_002_verifyInvalidLoginErrorMessage(java.lang.String,java.lang.String)[pri:1, instance:com.demowebshop.testscript.LoginTest@79c97cb] output={null}]]]>
              </value>
            </param>
          </params>
          <reporter-output>
          </reporter-output>
        </test-method> <!-- tearDown -->
        <test-method is-config="true" signature="setUP(java.lang.String)[pri:0, instance:com.demowebshop.testscript.LoginTest@79c97cb]" started-at="2023-06-23T07:20:06 IST" name="setUP" finished-at="2023-06-23T07:20:11 IST" duration-ms="5045" status="PASS">
          <params>
            <param index="0">
              <value>
                <![CDATA[chrome]]>
              </value>
            </param>
          </params>
          <reporter-output>
          </reporter-output>
        </test-method> <!-- setUP -->
        <test-method signature="TC_002_verifyInvalidLoginErrorMessage(java.lang.String,java.lang.String)[pri:1, instance:com.demowebshop.testscript.LoginTest@79c97cb]" started-at="2023-06-23T07:20:11 IST" name="TC_002_verifyInvalidLoginErrorMessage" description="TC_002_verifyInvalidLoginErrorMessage" data-provider="InvalidUserCredential" finished-at="2023-06-23T07:20:14 IST" duration-ms="2765" status="PASS">
          <params>
            <param index="0">
              <value>
                <![CDATA[ruby@yopmail.com]]>
              </value>
            </param>
            <param index="1">
              <value>
                <![CDATA[ruby12]]>
              </value>
            </param>
          </params>
          <reporter-output>
          </reporter-output>
        </test-method> <!-- TC_002_verifyInvalidLoginErrorMessage -->
        <test-method is-config="true" signature="tearDown(org.testng.ITestResult)[pri:0, instance:com.demowebshop.testscript.LoginTest@79c97cb]" started-at="2023-06-23T07:20:14 IST" name="tearDown" finished-at="2023-06-23T07:20:14 IST" duration-ms="330" status="PASS">
          <params>
            <param index="0">
              <value>
                <![CDATA[[TestResult name=TC_002_verifyInvalidLoginErrorMessage status=SUCCESS method=LoginTest.TC_002_verifyInvalidLoginErrorMessage(java.lang.String,java.lang.String)[pri:1, instance:com.demowebshop.testscript.LoginTest@79c97cb] output={null}]]]>
              </value>
            </param>
          </params>
          <reporter-output>
          </reporter-output>
        </test-method> <!-- tearDown -->
      </class> <!-- com.demowebshop.testscript.LoginTest -->
    </test> <!-- Parameter Testing-grouping -->
  </suite> <!-- Suite -->
</testng-results>
